<?xml version="1.0" encoding="UTF-8"?>
<!-- Generated by org.testng.reporters.JUnitXMLReporter -->
<testsuite hostname="LAPTOP-VCHEJDFG" ignored="0" name="Regression TestCases" tests="1" failures="1" timestamp="21 Jun 2018 03:05:10 GMT" time="6.042" errors="0">
  <testcase name="ALoginTest" time="6.019" classname="ApplicationTest.LoginTests">
    <failure type="java.lang.NullPointerException">
      <![CDATA[java.lang.NullPointerException
at ObjectRepository.LoginPage.setuserName(LoginPage.java:26)
at ApplicationTest.LoginTests.ALoginTest(LoginTests.java:36)
... Removed 24 stack frames]]>
    </failure>
  </testcase> <!-- ALoginTest -->
</testsuite> <!-- Regression TestCases -->
