<?xml version="1.0" encoding="UTF-8"?>
<!-- Generated by org.testng.reporters.JUnitXMLReporter -->
<testsuite hostname="LAPTOP-VCHEJDFG" ignored="0" name="Smoke TestCases" tests="6" failures="0" timestamp="21 Jun 2018 02:52:09 GMT" time="0.093" errors="0">
  <testcase name="FlightBooking" time="0.009" classname="testNGFiles.Annotations"/>
  <testcase name="OpeningBrowser" time="0.004" classname="testNGFiles.Annotations"/>
  <testcase name="CreditCardPymentProcessing" time="0.013" classname="testNGFiles.DependencyAnnotations"/>
  <testcase name="OpeningBrowser" time="0.003" classname="testNGFiles.DependencyAnnotations"/>
  <testcase name="FlightBooking" time="0.002" classname="testNGFiles.DependencyAnnotations"/>
  <testcase name="Payment" time="0.002" classname="testNGFiles.DependencyAnnotations"/>
</testsuite> <!-- Smoke TestCases -->
