<?xml version="1.0" encoding="UTF-8"?>
<testng-results skipped="0" failed="0" ignored="0" total="1" passed="1">
  <reporter-output>
  </reporter-output>
  <suite name="Automation TestCases" duration-ms="196294" started-at="2018-06-21T04:57:00Z" finished-at="2018-06-21T05:00:16Z">
    <groups>
    </groups>
    <test name="Regression TestCases" duration-ms="196294" started-at="2018-06-21T04:57:00Z" finished-at="2018-06-21T05:00:16Z">
      <class name="ApplicationTest.LoginTests">
        <test-method status="PASS" signature="ALoginTest()[pri:0, instance:ApplicationTest.LoginTests@26ba2a48]" name="ALoginTest" duration-ms="196260" started-at="2018-06-21T00:57:00Z" finished-at="2018-06-21T01:00:16Z">
          <reporter-output>
          </reporter-output>
        </test-method> <!-- ALoginTest -->
      </class> <!-- ApplicationTest.LoginTests -->
    </test> <!-- Regression TestCases -->
  </suite> <!-- Automation TestCases -->
</testng-results>
