<?xml version="1.0" encoding="UTF-8"?>
<!-- Generated by org.testng.reporters.JUnitXMLReporter -->
<testsuite hostname="LAPTOP-VCHEJDFG" ignored="0" name="Smoke TestCases" tests="20" failures="0" timestamp="21 Jun 2018 04:56:48 GMT" time="0.094" errors="0">
  <testcase name="FlightBooking" time="0.002" classname="testNGFiles.Annotations"/>
  <testcase name="OpeningBrowser" time="0.001" classname="testNGFiles.Annotations"/>
  <testcase name="CreditCardPymentProcessing" time="0.014" classname="testNGFiles.DependencyAnnotations"/>
  <testcase name="OpeningBrowser" time="0.001" classname="testNGFiles.DependencyAnnotations"/>
  <testcase name="FlightBooking" time="0.0" classname="testNGFilesTwo.Annotations"/>
  <testcase name="OpeningBrowser" time="0.001" classname="testNGFilesTwo.Annotations"/>
  <testcase name="FlightBooking" time="0.002" classname="testNGFiles.DependencyAnnotations"/>
  <testcase name="FlightBooking" time="0.0" classname="packageTwo.Annotations"/>
  <testcase name="FlightCancel" time="0.0" classname="packageTwo.Annotations"/>
  <testcase name="ListFlightTickets" time="0.0" classname="packageTwo.Annotations"/>
  <testcase name="OpeningBrowser" time="0.0" classname="packageTwo.Annotations"/>
  <testcase name="Payment" time="0.001" classname="testNGFiles.DependencyAnnotations"/>
  <testcase name="CreditCardPymentProcessing" time="0.006" classname="testNGFilesTwo.DependencyAnnotations"/>
  <testcase name="OpeningBrowser" time="0.001" classname="testNGFilesTwo.DependencyAnnotations"/>
  <testcase name="FlightBooking" time="0.0" classname="testNGFilesTwo.DependencyAnnotations"/>
  <testcase name="Payment" time="0.0" classname="testNGFilesTwo.DependencyAnnotations"/>
  <testcase name="CreditCardPymentProcessing" time="0.001" classname="packageTwo.DependencyAnnotations"/>
  <testcase name="OpeningBrowser" time="0.001" classname="packageTwo.DependencyAnnotations"/>
  <testcase name="FlightBooking" time="0.0" classname="packageTwo.DependencyAnnotations"/>
  <testcase name="Payment" time="0.0" classname="packageTwo.DependencyAnnotations"/>
</testsuite> <!-- Smoke TestCases -->
