<?xml version="1.0" encoding="UTF-8"?>
<testng-results skipped="0" failed="0" total="1" passed="1">
  <reporter-output>
  </reporter-output>
  <suite name="Automation TestCases" duration-ms="10525" started-at="2017-07-21T23:06:45Z" finished-at="2017-07-21T23:06:56Z">
    <groups>
    </groups>
    <test name="Regression TestCases" duration-ms="10525" started-at="2017-07-21T23:06:45Z" finished-at="2017-07-21T23:06:56Z">
      <class name="ApplicationTest.LoginTests">
        <test-method status="PASS" signature="ALoginTest()[pri:0, instance:ApplicationTest.LoginTests@c038203]" name="ALoginTest" duration-ms="10499" started-at="2017-07-21T18:06:45Z" finished-at="2017-07-21T18:06:56Z">
          <reporter-output>
          </reporter-output>
        </test-method> <!-- ALoginTest -->
      </class> <!-- ApplicationTest.LoginTests -->
    </test> <!-- Regression TestCases -->
  </suite> <!-- Automation TestCases -->
</testng-results>
